2020/12/16 01:20:14 {"callers":null,"level":"info","message":"qyu: go-programming-tour-book/blog-service","time":1608052814213937000}
2020/12/16 01:21:22 {"callers":["/Users/yuqiang/go-programming-tour-book/blog-service/main.go: 21 main.init.0"],"level":"info","message":"qyu: go-programming-tour-book/blog-service","time":1608052882820711000}
2020/12/16 09:48:16 {"callers":["/Users/yuqiang/go-programming-tour-book/blog-service/main.go: 21 main.init.0"],"level":"info","message":"qyu: go-programming-tour-book/blog-service","time":1608083296832825000}
2020/12/16 09:51:10 {"callers":["/Users/yuqiang/go-programming-tour-book/blog-service/main.go: 21 main.init.0"],"level":"info","message":"qyu: go-programming-tour-book/blog-service","time":1608083470898257000}
2020/12/16 10:23:49 {"callers":["/Users/yuqiang/go-programming-tour-book/blog-service/main.go: 21 main.init.0"],"level":"info","message":"qyu: go-programming-tour-book/blog-service","time":1608085429268105000}
2020/12/16 10:29:00 {"callers":["/Users/yuqiang/go-programming-tour-book/blog-service/main.go: 21 main.init.0"],"level":"info","message":"qyu: go-programming-tour-book/blog-service","time":1608085740712054000}
2020/12/16 10:30:14 {"callers":["/Users/yuqiang/go-programming-tour-book/blog-service/main.go: 21 main.init.0"],"level":"info","message":"qyu: go-programming-tour-book/blog-service","time":1608085814622248000}
2020/12/16 10:37:58 {"callers":["/Users/yuqiang/go-programming-tour-book/blog-service/main.go: 21 main.init.0"],"level":"info","message":"qyu: go-programming-tour-book/blog-service","time":1608086278994841000}
2020/12/17 09:42:09 {"callers":["/Users/yuqiang/go-programming-tour-book/blog-service/main.go: 21 main.init.0"],"level":"info","message":"qyu: go-programming-tour-book/blog-service","time":1608169329274202000}
2020/12/17 09:59:01 {"callers":["/Users/yuqiang/go-programming-tour-book/blog-service/main.go: 21 main.init.0"],"level":"info","message":"qyu: go-programming-tour-book/blog-service","time":1608170341131007000}
2020/12/17 22:40:53 {"callers":["/Users/yuqiang/go-programming-tour-book/blog-service/main.go: 21 main.init.0"],"level":"info","message":"qyu: go-programming-tour-book/blog-service","time":1608216053872888000}
2020/12/17 23:06:59 {"callers":["/Users/yuqiang/go-programming-tour-book/blog-service/main.go: 21 main.init.0"],"level":"info","message":"qyu: go-programming-tour-book/blog-service","time":1608217619096638000}
2020/12/17 23:07:57 {"callers":["/Users/yuqiang/go-programming-tour-book/blog-service/main.go: 21 main.init.0"],"level":"error","message":"app.BindAndValid errs: State必须是[0 1]中的一个","time":1608217677679055000}
2020/12/17 23:08:24 {"callers":["/Users/yuqiang/go-programming-tour-book/blog-service/main.go: 21 main.init.0"],"level":"error","message":"app.BindAndValid errs: State必须是[0 1]中的一个","time":1608217704934400000}
2020/12/17 23:12:22 {"callers":["/Users/yuqiang/go-programming-tour-book/blog-service/main.go: 21 main.init.0"],"level":"error","message":"app.BindAndValid errs: State必须是[0 1]中的一个","time":1608217942346878000}
2020/12/17 23:13:38 {"callers":["/Users/yuqiang/go-programming-tour-book/blog-service/main.go: 21 main.init.0"],"level":"info","message":"qyu: go-programming-tour-book/blog-service","time":1608218018444872000}
2020/12/17 23:14:14 {"callers":["/Users/yuqiang/go-programming-tour-book/blog-service/main.go: 21 main.init.0"],"level":"error","message":"app.BindAndValid errs: ","time":1608218054463061000}
2020/12/17 23:15:03 {"callers":["/Users/yuqiang/go-programming-tour-book/blog-service/main.go: 21 main.init.0"],"level":"error","message":"app.BindAndValid errs: ","time":1608218103476066000}
2020/12/17 23:15:37 {"callers":["/Users/yuqiang/go-programming-tour-book/blog-service/main.go: 21 main.init.0"],"level":"error","message":"app.BindAndValid errs: ","time":1608218137641602000}
2020/12/17 23:19:29 {"callers":["/Users/yuqiang/go-programming-tour-book/blog-service/main.go: 21 main.init.0"],"level":"info","message":"qyu: go-programming-tour-book/blog-service","time":1608218369037037000}
2020/12/17 23:19:40 {"callers":["/Users/yuqiang/go-programming-tour-book/blog-service/main.go: 21 main.init.0"],"level":"error","message":"app.BindAndValid errs: State必须是[0 1]中的一个","time":1608218380251737000}
2020/12/17 23:28:16 {"callers":["/Users/yuqiang/go-programming-tour-book/blog-service/main.go: 22 main.init.0"],"level":"info","message":"qyu: go-programming-tour-book/blog-service","time":1608218896260189000}
2020/12/17 23:28:57 {"callers":["/Users/yuqiang/go-programming-tour-book/blog-service/main.go: 22 main.init.0"],"level":"error","message":"app.BindAndValid errs: State必须是[0 1]中的一个","time":1608218937304446000}
2020/12/18 00:37:55 {"callers":["/Users/yuqiang/go-programming-tour-book/blog-service/main.go: 22 main.init.0"],"level":"info","message":"qyu: go-programming-tour-book/blog-service","time":1608223075801065000}
2020/12/18 00:40:15 {"callers":["/Users/yuqiang/go-programming-tour-book/blog-service/main.go: 22 main.init.0"],"level":"info","message":"qyu: go-programming-tour-book/blog-service","time":1608223215499370000}
2020/12/18 00:58:34 {"callers":["/Users/yuqiang/go-programming-tour-book/blog-service/main.go: 22 main.init.0"],"level":"info","message":"qyu: go-programming-tour-book/blog-service","time":1608224314798930000}
2020/12/18 00:58:44 {"callers":["/Users/yuqiang/go-programming-tour-book/blog-service/main.go: 22 main.init.0"],"level":"info","message":"qyu: go-programming-tour-book/blog-service","time":1608224324204870000}
2020/12/18 00:58:55 {"callers":["/Users/yuqiang/go-programming-tour-book/blog-service/main.go: 22 main.init.0"],"level":"error","message":"app.BindAndValid errs: State必须是[0 1]中的一个","time":1608224335660978000}
2020/12/18 09:53:40 {"callers":["/Users/yuqiang/go-programming-tour-book/blog-service/main.go: 22 main.init.0"],"level":"info","message":"qyu: go-programming-tour-book/blog-service","time":1608256420389728000}
2020/12/18 09:56:02 {"callers":["/Users/yuqiang/go-programming-tour-book/blog-service/main.go: 22 main.init.0"],"level":"error","message":"app.BindAndValid errs: Name长度必须至少为3个字符","time":1608256562280878000}
2020/12/18 09:59:44 {"callers":["/Users/yuqiang/go-programming-tour-book/blog-service/main.go: 22 main.init.0"],"level":"error","message":"app.BindAndValid errs: State必须是[0 1]中的一个","time":1608256784435703000}
2020/12/18 10:01:44 {"callers":["/Users/yuqiang/go-programming-tour-book/blog-service/main.go: 22 main.init.0"],"level":"error","message":"app.BindAndValid errs: Name长度必须至少为3个字符,ModifiedBy长度必须至少为3个字符","time":1608256904483939000}
2020/12/18 10:02:43 {"callers":["/Users/yuqiang/go-programming-tour-book/blog-service/main.go: 22 main.init.0"],"level":"error","message":"app.BindAndValid errs: Name长度必须至少为3个字符","time":1608256963566095000}
2020/12/18 10:04:53 {"callers":["/Users/yuqiang/go-programming-tour-book/blog-service/main.go: 22 main.init.0"],"level":"info","message":"qyu: go-programming-tour-book/blog-service","time":1608257093333158000}
2020/12/18 10:06:02 {"callers":["/Users/yuqiang/go-programming-tour-book/blog-service/main.go: 22 main.init.0"],"level":"error","message":"app.BindAndValid errs: Name长度必须至少为3个字符","time":1608257162088376000}
2020/12/18 10:06:34 {"callers":["/Users/yuqiang/go-programming-tour-book/blog-service/main.go: 22 main.init.0"],"level":"info","message":"qyu: go-programming-tour-book/blog-service","time":1608257194648151000}
2020/12/18 10:06:39 {"callers":["/Users/yuqiang/go-programming-tour-book/blog-service/main.go: 22 main.init.0"],"level":"error","message":"app.BindAndValid errs: Name长度必须至少为3个字符","time":1608257199072116000}
2020/12/18 10:07:02 {"callers":["/Users/yuqiang/go-programming-tour-book/blog-service/main.go: 22 main.init.0"],"level":"info","message":"qyu: go-programming-tour-book/blog-service","time":1608257222003843000}
2020/12/18 10:12:27 {"callers":["/Users/yuqiang/go-programming-tour-book/blog-service/main.go: 22 main.init.0"],"level":"info","message":"qyu: go-programming-tour-book/blog-service","time":1608257547116880000}
2020/12/18 10:14:06 {"callers":["/Users/yuqiang/go-programming-tour-book/blog-service/main.go: 22 main.init.0"],"level":"error","message":"app.BindAndValid errs: ModifiedBy为必填字段,Name长度必须至少为3个字符","time":1608257646782485000}
2020/12/18 10:14:19 {"callers":["/Users/yuqiang/go-programming-tour-book/blog-service/main.go: 22 main.init.0"],"level":"error","message":"app.BindAndValid errs: ModifiedBy为必填字段,Name长度必须至少为3个字符","time":1608257659369574000}
2020/12/18 10:15:21 {"callers":["/Users/yuqiang/go-programming-tour-book/blog-service/main.go: 22 main.init.0"],"level":"info","message":"qyu: go-programming-tour-book/blog-service","time":1608257721472415000}
2020/12/18 10:15:38 {"callers":["/Users/yuqiang/go-programming-tour-book/blog-service/main.go: 22 main.init.0"],"level":"error","message":"app.BindAndValid errs: ModifiedBy为必填字段,Name长度必须至少为3个字符","time":1608257738138283000}
2020/12/18 10:16:54 {"callers":["/Users/yuqiang/go-programming-tour-book/blog-service/main.go: 22 main.init.0"],"level":"info","message":"qyu: go-programming-tour-book/blog-service","time":1608257814149938000}
2020/12/18 10:18:32 {"callers":["/Users/yuqiang/go-programming-tour-book/blog-service/main.go: 22 main.init.0"],"level":"info","message":"qyu: go-programming-tour-book/blog-service","time":1608257912906769000}
2020/12/18 10:18:58 {"callers":["/Users/yuqiang/go-programming-tour-book/blog-service/main.go: 22 main.init.0"],"level":"error","message":"app.BindAndValid errs: Name长度必须至少为3个字符","time":1608257938938924000}
2020/12/18 10:20:08 {"callers":["/Users/yuqiang/go-programming-tour-book/blog-service/main.go: 22 main.init.0"],"level":"error","message":"app.BindAndValid errs: ","time":1608258008226965000}
2020/12/18 10:21:03 {"callers":["/Users/yuqiang/go-programming-tour-book/blog-service/main.go: 22 main.init.0"],"level":"error","message":"app.BindAndValid errs: ","time":1608258063696083000}
2020/12/18 10:21:12 {"callers":["/Users/yuqiang/go-programming-tour-book/blog-service/main.go: 22 main.init.0"],"level":"info","message":"qyu: go-programming-tour-book/blog-service","time":1608258072051196000}
2020/12/18 10:21:27 {"callers":["/Users/yuqiang/go-programming-tour-book/blog-service/main.go: 22 main.init.0"],"level":"error","message":"app.BindAndValid errs: Name长度必须至少为3个字符","time":1608258087483928000}
